Test manuel du workflow - Fri, Apr 25, 2025 12:50:27 AM
Test manuel du workflow - Fri, Apr 25, 2025 12:51:26 AM
Test manuel du workflow - Fri, Apr 25, 2025 12:51:42 AM
Test manuel du workflow - Fri, Apr 25, 2025 12:52:26 AM
Ping at Thu Apr 24 22:59:03 UTC 2025
Ping at Thu Apr 24 23:00:15 UTC 2025
Ping at Thu Apr 24 23:02:09 UTC 2025
Ping at Fri Apr 25 06:21:55 UTC 2025
Ping at Fri Apr 25 07:18:47 UTC 2025
Ping at Fri Apr 25 09:22:44 UTC 2025
Ping at Fri Apr 25 10:20:20 UTC 2025
Ping at Fri Apr 25 12:39:27 UTC 2025
Ping at Fri Apr 25 13:29:59 UTC 2025
Ping at Fri Apr 25 15:19:41 UTC 2025
Ping at Fri Apr 25 16:29:50 UTC 2025
Ping at Fri Apr 25 18:31:00 UTC 2025
Ping at Fri Apr 25 19:08:13 UTC 2025
Ping at Sat Apr 26 06:19:52 UTC 2025
Ping at Sat Apr 26 07:16:41 UTC 2025
Ping at Sat Apr 26 09:19:46 UTC 2025
Ping at Sat Apr 26 10:18:16 UTC 2025
Ping at Sat Apr 26 12:35:13 UTC 2025
Ping at Sat Apr 26 13:25:38 UTC 2025
Ping at Sat Apr 26 15:17:24 UTC 2025
Ping at Sat Apr 26 16:27:35 UTC 2025
Ping at Sat Apr 26 18:28:11 UTC 2025
Ping at Sat Apr 26 19:07:14 UTC 2025
Ping at Sun Apr 27 06:20:14 UTC 2025
Ping at Sun Apr 27 07:16:43 UTC 2025
Ping at Sun Apr 27 09:19:53 UTC 2025
Ping at Sun Apr 27 10:19:33 UTC 2025
Ping at Sun Apr 27 12:35:32 UTC 2025
Ping at Sun Apr 27 13:25:52 UTC 2025
Ping at Sun Apr 27 15:18:34 UTC 2025
Ping at Sun Apr 27 16:27:29 UTC 2025
Ping at Sun Apr 27 18:28:39 UTC 2025
Ping at Sun Apr 27 19:08:49 UTC 2025
Ping at Mon Apr 28 06:29:37 UTC 2025
Ping at Mon Apr 28 07:44:39 UTC 2025
Ping at Mon Apr 28 10:51:02 UTC 2025
Ping at Mon Apr 28 11:05:44 UTC 2025
Ping at Mon Apr 28 12:43:27 UTC 2025
Ping at Mon Apr 28 13:41:25 UTC 2025
Ping at Mon Apr 28 15:21:09 UTC 2025
Ping at Mon Apr 28 16:29:33 UTC 2025
Ping at Mon Apr 28 18:32:12 UTC 2025
Ping at Mon Apr 28 19:08:10 UTC 2025
Ping at Tue Apr 29 06:22:59 UTC 2025
Ping at Tue Apr 29 07:20:01 UTC 2025
Ping at Tue Apr 29 09:23:58 UTC 2025
Ping at Tue Apr 29 10:21:52 UTC 2025
Ping at Tue Apr 29 12:42:09 UTC 2025
Ping at Tue Apr 29 13:35:20 UTC 2025
Ping at Tue Apr 29 15:20:50 UTC 2025
Ping at Tue Apr 29 16:30:19 UTC 2025
Ping at Tue Apr 29 18:30:53 UTC 2025
Ping at Tue Apr 29 19:08:22 UTC 2025
